<?xml version="1.0" encoding="UTF-8"?>
<testsuites name="jest tests" tests="8" failures="0" errors="0" time="3.983">
  <testsuite name="Analyse Job Use Case" errors="0" failures="0" skipped="0" timestamp="2022-06-21T14:36:33" time="3.278" tests="4">
    <testcase classname="Analyse Job Use Case Given we have a valid request should sanitise the request" name="Analyse Job Use Case Given we have a valid request should sanitise the request" time="0.003">
    </testcase>
    <testcase classname="Analyse Job Use Case Given we have a valid request should call the repo and write the data" name="Analyse Job Use Case Given we have a valid request should call the repo and write the data" time="0">
    </testcase>
    <testcase classname="Analyse Job Use Case Given we have a valid request should return success" name="Analyse Job Use Case Given we have a valid request should return success" time="0.001">
    </testcase>
    <testcase classname="Analyse Job Use Case error handling should return an error when the repo fails" name="Analyse Job Use Case error handling should return an error when the repo fails" time="0.027">
    </testcase>
  </testsuite>
  <testsuite name="Given we have a repository" errors="0" failures="0" skipped="0" timestamp="2022-06-21T14:36:33" time="3.341" tests="3">
    <testcase classname="Given we have a repository And we want to read from the repo should read data from the repository" name="Given we have a repository And we want to read from the repo should read data from the repository" time="0.005">
    </testcase>
    <testcase classname="Given we have a repository and we want to write to the repo should write into the repo" name="Given we have a repository and we want to write to the repo should write into the repo" time="0.003">
    </testcase>
    <testcase classname="Given we have a repository Error Handling Given we have an error when reading from the repo should return a READ_ERROR" name="Given we have a repository Error Handling Given we have an error when reading from the repo should return a READ_ERROR" time="0.002">
    </testcase>
  </testsuite>
  <testsuite name="Given we have a connection to the service" errors="0" failures="0" skipped="0" timestamp="2022-06-21T14:36:33" time="3.54" tests="1">
    <testcase classname="Given we have a connection to the service should return void" name="Given we have a connection to the service should return void" time="0.007">
    </testcase>
  </testsuite>
</testsuites>